<?xml version="1.0" encoding="UTF-8"?>
<!-- Generated by org.testng.reporters.JUnitReportReporter -->
<testsuite hostname="DESKTOP-1CCS179" failures="0" tests="1" name="com.qa.testBase.TestBase" time="18.322" errors="0" timestamp="2022-01-12T09:44:57 IST" skipped="0">
  <testcase classname="com.qa.testBase.TestBase" name="setUp" time="18.322"/>
  <system-out/>
</testsuite> <!-- com.qa.testBase.TestBase -->
